Started GET "/" for ::1 at 2022-02-09 17:43:49 +0500
Processing by Rails::WelcomeController#index as HTML
  Rendering vendor/bundle/ruby/2.7.0/gems/railties-5.2.6/lib/rails/templates/rails/welcome/index.html.erb
  Rendered vendor/bundle/ruby/2.7.0/gems/railties-5.2.6/lib/rails/templates/rails/welcome/index.html.erb (2.9ms)
Completed 200 OK in 10ms (Views: 6.7ms | ActiveRecord: 0.0ms)


  [1m[35m (0.1ms)[0m  [1m[34mSELECT sqlite_version(*)[0m
  ↳ bin/rails:4
  [1m[35m (3.2ms)[0m  [1m[35mCREATE TABLE "schema_migrations" ("version" varchar NOT NULL PRIMARY KEY)[0m
  ↳ bin/rails:4
  [1m[35m (2.0ms)[0m  [1m[35mCREATE TABLE "ar_internal_metadata" ("key" varchar NOT NULL PRIMARY KEY, "value" varchar, "created_at" datetime NOT NULL, "updated_at" datetime NOT NULL)[0m
  ↳ bin/rails:4
  [1m[35m (0.1ms)[0m  [1m[34mSELECT "schema_migrations"."version" FROM "schema_migrations" ORDER BY "schema_migrations"."version" ASC[0m
  ↳ bin/rails:4
Migrating to DeviseCreateUsers (20220209125550)
  [1m[35m (0.0ms)[0m  [1m[36mbegin transaction[0m
  ↳ bin/rails:4
  [1m[35m (0.3ms)[0m  [1m[35mCREATE TABLE "users" ("id" integer PRIMARY KEY AUTOINCREMENT NOT NULL, "email" varchar DEFAULT '' NOT NULL, "encrypted_password" varchar DEFAULT '' NOT NULL, "reset_password_token" varchar, "reset_password_sent_at" datetime, "remember_created_at" datetime, "created_at" datetime NOT NULL, "updated_at" datetime NOT NULL)[0m
  ↳ db/migrate/20220209125550_devise_create_users.rb:5
  [1m[35m (0.1ms)[0m  [1m[35mCREATE UNIQUE INDEX "index_users_on_email" ON "users" ("email")[0m
  ↳ db/migrate/20220209125550_devise_create_users.rb:39
  [1m[35m (0.1ms)[0m  [1m[35mCREATE UNIQUE INDEX "index_users_on_reset_password_token" ON "users" ("reset_password_token")[0m
  ↳ db/migrate/20220209125550_devise_create_users.rb:40
  [1m[36mActiveRecord::SchemaMigration Create (0.2ms)[0m  [1m[32mINSERT INTO "schema_migrations" ("version") VALUES (?)[0m  [["version", "20220209125550"]]
  ↳ bin/rails:4
  [1m[35m (1.8ms)[0m  [1m[36mcommit transaction[0m
  ↳ bin/rails:4
  [1m[36mActiveRecord::InternalMetadata Load (0.1ms)[0m  [1m[34mSELECT  "ar_internal_metadata".* FROM "ar_internal_metadata" WHERE "ar_internal_metadata"."key" = ? LIMIT ?[0m  [["key", "environment"], ["LIMIT", 1]]
  ↳ bin/rails:4
  [1m[35m (0.0ms)[0m  [1m[36mbegin transaction[0m
  ↳ bin/rails:4
  [1m[36mActiveRecord::InternalMetadata Create (0.2ms)[0m  [1m[32mINSERT INTO "ar_internal_metadata" ("key", "value", "created_at", "updated_at") VALUES (?, ?, ?, ?)[0m  [["key", "environment"], ["value", "development"], ["created_at", "2022-02-09 13:00:39.317616"], ["updated_at", "2022-02-09 13:00:39.317616"]]
  ↳ bin/rails:4
  [1m[35m (1.7ms)[0m  [1m[36mcommit transaction[0m
  ↳ bin/rails:4
  [1m[35m (0.1ms)[0m  [1m[34mSELECT "schema_migrations"."version" FROM "schema_migrations" ORDER BY "schema_migrations"."version" ASC[0m
  ↳ bin/rails:4
Started GET "/" for ::1 at 2022-02-09 18:01:51 +0500
  [1m[35m (0.2ms)[0m  [1m[34mSELECT "schema_migrations"."version" FROM "schema_migrations" ORDER BY "schema_migrations"."version" ASC[0m
  ↳ vendor/bundle/ruby/2.7.0/gems/activerecord-5.2.6/lib/active_record/log_subscriber.rb:98
Processing by HomeController#index as HTML
Completed 401 Unauthorized in 13ms (ActiveRecord: 0.0ms)


Started GET "/users/sign_in" for ::1 at 2022-02-09 18:01:51 +0500
Processing by Devise::SessionsController#new as HTML
  Rendering devise/sessions/new.html.erb within layouts/application
  Rendered devise/shared/_links.html.erb (2.2ms)
  Rendered devise/sessions/new.html.erb within layouts/application (19.3ms)
Completed 200 OK in 242ms (Views: 232.3ms | ActiveRecord: 0.5ms)


Started GET "/" for ::1 at 2022-02-09 18:02:02 +0500
Processing by HomeController#index as HTML
Completed 401 Unauthorized in 0ms (ActiveRecord: 0.0ms)


Started GET "/users/sign_in" for ::1 at 2022-02-09 18:02:02 +0500
Processing by Devise::SessionsController#new as HTML
  Rendering devise/sessions/new.html.erb within layouts/application
  Rendered devise/shared/_links.html.erb (0.8ms)
  Rendered devise/sessions/new.html.erb within layouts/application (5.2ms)
Completed 200 OK in 17ms (Views: 15.9ms | ActiveRecord: 0.0ms)


Started GET "/users/sign_up" for ::1 at 2022-02-09 18:02:08 +0500
Processing by Devise::RegistrationsController#new as HTML
  Rendering devise/registrations/new.html.erb within layouts/application
  Rendered devise/shared/_error_messages.html.erb (0.8ms)
  Rendered devise/shared/_links.html.erb (1.4ms)
  Rendered devise/registrations/new.html.erb within layouts/application (8.1ms)
Completed 200 OK in 29ms (Views: 27.2ms | ActiveRecord: 0.0ms)


Started POST "/users" for ::1 at 2022-02-09 18:02:34 +0500
Processing by Devise::RegistrationsController#create as HTML
  Parameters: {"utf8"=>"✓", "authenticity_token"=>"GCUkNx977WlkgMlVVKFZooEG+1+Cy6o6y8CpBU+uimr/HSCOmFaOIBiKmSFWRqX1yZKff/XZFvVLn7KHpUjCPw==", "user"=>{"email"=>"zia@devsinc.com", "password"=>"[FILTERED]", "password_confirmation"=>"[FILTERED]"}, "commit"=>"Sign up"}
  [1m[35m (0.1ms)[0m  [1m[36mbegin transaction[0m
  ↳ vendor/bundle/ruby/2.7.0/gems/activerecord-5.2.6/lib/active_record/log_subscriber.rb:98
  [1m[36mUser Exists (0.1ms)[0m  [1m[34mSELECT  1 AS one FROM "users" WHERE "users"."email" = ? LIMIT ?[0m  [["email", "zia@devsinc.com"], ["LIMIT", 1]]
  ↳ vendor/bundle/ruby/2.7.0/gems/activerecord-5.2.6/lib/active_record/log_subscriber.rb:98
  [1m[36mUser Create (0.2ms)[0m  [1m[32mINSERT INTO "users" ("email", "encrypted_password", "created_at", "updated_at") VALUES (?, ?, ?, ?)[0m  [["email", "zia@devsinc.com"], ["encrypted_password", "$2a$12$ZHWC9VBEv9OC.pVQOOISE.qOYYPgBji9n8J7Vk38ZNejfenXCCtZG"], ["created_at", "2022-02-09 13:02:34.801944"], ["updated_at", "2022-02-09 13:02:34.801944"]]
  ↳ vendor/bundle/ruby/2.7.0/gems/activerecord-5.2.6/lib/active_record/log_subscriber.rb:98
  [1m[35m (1.8ms)[0m  [1m[36mcommit transaction[0m
  ↳ vendor/bundle/ruby/2.7.0/gems/activerecord-5.2.6/lib/active_record/log_subscriber.rb:98
Redirected to http://localhost:3000/
Completed 302 Found in 308ms (ActiveRecord: 2.2ms)


Started GET "/" for ::1 at 2022-02-09 18:02:34 +0500
Processing by HomeController#index as HTML
  [1m[36mUser Load (0.3ms)[0m  [1m[34mSELECT  "users".* FROM "users" WHERE "users"."id" = ? ORDER BY "users"."id" ASC LIMIT ?[0m  [["id", 1], ["LIMIT", 1]]
  ↳ vendor/bundle/ruby/2.7.0/gems/activerecord-5.2.6/lib/active_record/log_subscriber.rb:98
  Rendering home/index.html.erb within layouts/application
  Rendered home/index.html.erb within layouts/application (0.5ms)
Completed 200 OK in 13ms (Views: 8.2ms | ActiveRecord: 0.3ms)


Started GET "/" for ::1 at 2022-02-09 18:03:10 +0500
Processing by HomeController#index as HTML
  [1m[36mUser Load (0.2ms)[0m  [1m[34mSELECT  "users".* FROM "users" WHERE "users"."id" = ? ORDER BY "users"."id" ASC LIMIT ?[0m  [["id", 1], ["LIMIT", 1]]
  ↳ vendor/bundle/ruby/2.7.0/gems/activerecord-5.2.6/lib/active_record/log_subscriber.rb:98
  Rendering home/index.html.erb within layouts/application
  Rendered home/index.html.erb within layouts/application (0.6ms)
Completed 200 OK in 19ms (Views: 16.2ms | ActiveRecord: 0.2ms)


Started GET "/" for ::1 at 2022-02-09 18:03:52 +0500
Processing by HomeController#index as HTML
  [1m[36mUser Load (0.2ms)[0m  [1m[34mSELECT  "users".* FROM "users" WHERE "users"."id" = ? ORDER BY "users"."id" ASC LIMIT ?[0m  [["id", 1], ["LIMIT", 1]]
  ↳ vendor/bundle/ruby/2.7.0/gems/activerecord-5.2.6/lib/active_record/log_subscriber.rb:98
  Rendering home/index.html.erb within layouts/application
  Rendered home/index.html.erb within layouts/application (0.5ms)
Completed 200 OK in 28ms (Views: 12.2ms | ActiveRecord: 1.3ms)


Started GET "/" for ::1 at 2022-02-09 18:05:20 +0500
Processing by HomeController#index as HTML
  [1m[36mUser Load (0.1ms)[0m  [1m[34mSELECT  "users".* FROM "users" WHERE "users"."id" = ? ORDER BY "users"."id" ASC LIMIT ?[0m  [["id", 1], ["LIMIT", 1]]
  ↳ vendor/bundle/ruby/2.7.0/gems/activerecord-5.2.6/lib/active_record/log_subscriber.rb:98
  Rendering home/index.html.erb within layouts/application
  Rendered home/index.html.erb within layouts/application (0.3ms)
Completed 200 OK in 12ms (Views: 10.4ms | ActiveRecord: 0.1ms)


Started GET "/" for ::1 at 2022-02-09 18:05:33 +0500
Processing by HomeController#index as HTML
  [1m[36mUser Load (0.2ms)[0m  [1m[34mSELECT  "users".* FROM "users" WHERE "users"."id" = ? ORDER BY "users"."id" ASC LIMIT ?[0m  [["id", 1], ["LIMIT", 1]]
  ↳ vendor/bundle/ruby/2.7.0/gems/activerecord-5.2.6/lib/active_record/log_subscriber.rb:98
  Rendering home/index.html.erb within layouts/application
  Rendered home/index.html.erb within layouts/application (0.8ms)
Completed 200 OK in 22ms (Views: 9.5ms | ActiveRecord: 0.7ms)


Started GET "/" for ::1 at 2022-02-09 18:05:35 +0500
Processing by HomeController#index as HTML
  [1m[36mUser Load (0.1ms)[0m  [1m[34mSELECT  "users".* FROM "users" WHERE "users"."id" = ? ORDER BY "users"."id" ASC LIMIT ?[0m  [["id", 1], ["LIMIT", 1]]
  ↳ vendor/bundle/ruby/2.7.0/gems/activerecord-5.2.6/lib/active_record/log_subscriber.rb:98
  Rendering home/index.html.erb within layouts/application
  Rendered home/index.html.erb within layouts/application (0.3ms)
Completed 200 OK in 9ms (Views: 7.6ms | ActiveRecord: 0.1ms)


Started GET "/" for ::1 at 2022-02-10 15:27:40 +0500
  [1m[35m (0.4ms)[0m  [1m[34mSELECT "schema_migrations"."version" FROM "schema_migrations" ORDER BY "schema_migrations"."version" ASC[0m
  ↳ vendor/bundle/ruby/2.7.0/gems/activerecord-5.2.6/lib/active_record/log_subscriber.rb:98
Processing by HomeController#index as HTML
Completed 401 Unauthorized in 11ms (ActiveRecord: 0.0ms)


Started GET "/users/sign_in" for ::1 at 2022-02-10 15:27:40 +0500
Processing by Devise::SessionsController#new as HTML
  Rendering devise/sessions/new.html.erb within layouts/application
  Rendered devise/shared/_links.html.erb (0.8ms)
  Rendered devise/sessions/new.html.erb within layouts/application (7.0ms)
Completed 200 OK in 200ms (Views: 192.4ms | ActiveRecord: 0.4ms)


Started GET "/users/password/new" for ::1 at 2022-02-10 15:27:45 +0500
Processing by Devise::PasswordsController#new as HTML
  Rendering devise/passwords/new.html.erb within layouts/application
  Rendered devise/shared/_error_messages.html.erb (0.3ms)
  Rendered devise/shared/_links.html.erb (0.7ms)
  Rendered devise/passwords/new.html.erb within layouts/application (3.3ms)
Completed 200 OK in 32ms (Views: 19.7ms | ActiveRecord: 0.0ms)


